<?xml version="1.0" encoding="UTF-8"?>
<testng-results skipped="0" failed="1" total="1" passed="0">
  <reporter-output>
  </reporter-output>
  <suite name="Default suite" duration-ms="27067" started-at="2017-05-18T09:52:15Z" finished-at="2017-05-18T09:52:42Z">
    <groups>
    </groups>
    <test name="Default test" duration-ms="27067" started-at="2017-05-18T09:52:15Z" finished-at="2017-05-18T09:52:42Z">
      <class name="testcases.VerifyLoginPageWithReport1$VerifyHomePage">
        <test-method status="PASS" signature="setUp()[pri:0, instance:testcases.VerifyLoginPageWithReport1$VerifyHomePage@28d25987]" name="setUp" is-config="true" duration-ms="24780" started-at="2017-05-18T15:22:15Z" finished-at="2017-05-18T15:22:40Z">
          <reporter-output>
          </reporter-output>
        </test-method> <!-- setUp -->
        <test-method status="FAIL" signature="testHomePage()[pri:0, instance:testcases.VerifyLoginPageWithReport1$VerifyHomePage@28d25987]" name="testHomePage" duration-ms="695" started-at="2017-05-18T15:22:40Z" finished-at="2017-05-18T15:22:40Z">
          <exception class="java.lang.NoClassDefFoundError">
            <message>
              <![CDATA[org/apache/commons/collections4/ListValuedMap]]>
            </message>
            <full-stacktrace>
              <![CDATA[java.lang.NoClassDefFoundError: org/apache/commons/collections4/ListValuedMap
	at dataProvider.ExcelDataProvider.<init>(ExcelDataProvider.java:16)
	at factory.DataProviderFactory.getExcel(DataProviderFactory.java:9)
	at testcases.VerifyLoginPageWithReport1$VerifyHomePage.testHomePage(VerifyLoginPageWithReport1.java:43)
	at sun.reflect.NativeMethodAccessorImpl.invoke0(Native Method)
	at sun.reflect.NativeMethodAccessorImpl.invoke(Unknown Source)
	at sun.reflect.DelegatingMethodAccessorImpl.invoke(Unknown Source)
	at java.lang.reflect.Method.invoke(Unknown Source)
	at org.testng.internal.MethodInvocationHelper.invokeMethod(MethodInvocationHelper.java:80)
	at org.testng.internal.Invoker.invokeMethod(Invoker.java:714)
	at org.testng.internal.Invoker.invokeTestMethod(Invoker.java:901)
	at org.testng.internal.Invoker.invokeTestMethods(Invoker.java:1231)
	at org.testng.internal.TestMethodWorker.invokeTestMethods(TestMethodWorker.java:127)
	at org.testng.internal.TestMethodWorker.run(TestMethodWorker.java:111)
	at org.testng.TestRunner.privateRun(TestRunner.java:767)
	at org.testng.TestRunner.run(TestRunner.java:617)
	at org.testng.SuiteRunner.runTest(SuiteRunner.java:334)
	at org.testng.SuiteRunner.runSequentially(SuiteRunner.java:329)
	at org.testng.SuiteRunner.privateRun(SuiteRunner.java:291)
	at org.testng.SuiteRunner.run(SuiteRunner.java:240)
	at org.testng.SuiteRunnerWorker.runSuite(SuiteRunnerWorker.java:52)
	at org.testng.SuiteRunnerWorker.run(SuiteRunnerWorker.java:86)
	at org.testng.TestNG.runSuitesSequentially(TestNG.java:1198)
	at org.testng.TestNG.runSuitesLocally(TestNG.java:1123)
	at org.testng.TestNG.run(TestNG.java:1031)
	at org.testng.remote.AbstractRemoteTestNG.run(AbstractRemoteTestNG.java:132)
	at org.testng.remote.RemoteTestNG.initAndRun(RemoteTestNG.java:230)
	at org.testng.remote.RemoteTestNG.main(RemoteTestNG.java:76)
Caused by: java.lang.ClassNotFoundException: org.apache.commons.collections4.ListValuedMap
	at java.net.URLClassLoader.findClass(Unknown Source)
	at java.lang.ClassLoader.loadClass(Unknown Source)
	at sun.misc.Launcher$AppClassLoader.loadClass(Unknown Source)
	at java.lang.ClassLoader.loadClass(Unknown Source)
	... 27 more
]]>
            </full-stacktrace>
          </exception> <!-- java.lang.NoClassDefFoundError -->
          <reporter-output>
          </reporter-output>
        </test-method> <!-- testHomePage -->
        <test-method status="PASS" signature="tearDown(org.testng.ITestResult)[pri:0, instance:testcases.VerifyLoginPageWithReport1$VerifyHomePage@28d25987]" name="tearDown" is-config="true" duration-ms="1562" started-at="2017-05-18T15:22:40Z" finished-at="2017-05-18T15:22:42Z">
          <params>
            <param index="0">
              <value>
                <![CDATA[[TestResult name=testHomePage status=FAILURE method=VerifyLoginPageWithReport1$VerifyHomePage.testHomePage()[pri:0, instance:testcases.VerifyLoginPageWithReport1$VerifyHomePage@28d25987] output={null}]]]>
              </value>
            </param>
          </params>
          <reporter-output>
          </reporter-output>
        </test-method> <!-- tearDown -->
      </class> <!-- testcases.VerifyLoginPageWithReport1$VerifyHomePage -->
    </test> <!-- Default test -->
  </suite> <!-- Default suite -->
</testng-results>
